2024-12-16 16:53:03 Loading main app package /usr/lib/obsidian/obsidian.asar
2024-12-16 16:53:03 Checking for update using Github
2024-12-16 16:53:03 Success.
2024-12-16 16:53:03 Latest version is 1.7.7
2024-12-16 16:53:03 App is up to date.
2024-12-16 17:07:26 Loading main app package /usr/lib/obsidian/obsidian.asar
2024-12-16 17:07:27 Checking for update using Github
2024-12-16 17:07:27 Success.
2024-12-16 17:07:27 Latest version is 1.7.7
2024-12-16 17:07:27 App is up to date.
2024-12-16 17:07:43 Checking for update using Github
2024-12-16 17:07:43 Success.
2024-12-16 17:07:43 Latest version is 1.7.7
2024-12-16 17:07:43 App is up to date.
2024-12-16 18:07:26 Checking for update using Github
2024-12-16 18:07:27 Success.
2024-12-16 18:07:27 Latest version is 1.7.7
2024-12-16 18:07:27 App is up to date.
2024-12-16 23:02:33 Loading main app package /usr/lib/obsidian/obsidian.asar
2024-12-16 23:02:33 Checking for update using Github
2024-12-16 23:02:33 Success.
2024-12-16 23:02:33 Latest version is 1.7.7
2024-12-16 23:02:33 App is up to date.
2024-12-17 10:42:48 Loading main app package /usr/lib/obsidian/obsidian.asar
2024-12-17 10:42:48 Checking for update using Github
2024-12-17 10:42:48 Success.
2024-12-17 10:42:48 Latest version is 1.7.7
2024-12-17 10:42:48 App is up to date.
2024-12-17 12:31:10 Checking for update using Github
2024-12-17 12:31:11 Success.
2024-12-17 12:31:11 Latest version is 1.7.7
2024-12-17 12:31:11 App is up to date.
2024-12-17 13:31:10 Checking for update using Github
2024-12-17 13:31:11 Success.
2024-12-17 13:31:11 Latest version is 1.7.7
2024-12-17 13:31:11 App is up to date.
2024-12-17 15:22:43 Loading main app package /usr/lib/obsidian/obsidian.asar
2024-12-17 15:22:43 Checking for update using Github
2024-12-17 15:22:43 Failed to check for update using Github (net::ERR_INTERNET_DISCONNECTED)
2024-12-17 15:22:43 Checking for update using obsidian.md
2024-12-17 15:22:43 Failed to check for update using obsidian.md (net::ERR_INTERNET_DISCONNECTED)
2024-12-17 19:16:05 Loading main app package /usr/lib/obsidian/obsidian.asar
2024-12-17 19:16:05 Checking for update using Github
2024-12-17 19:16:05 Success.
2024-12-17 19:16:05 Latest version is 1.7.7
2024-12-17 19:16:05 App is up to date.
2024-12-18 13:25:21 Loading main app package /usr/lib/obsidian/obsidian.asar
2024-12-18 13:25:21 Checking for update using Github
2024-12-18 13:25:21 Failed to check for update using Github (net::ERR_INTERNET_DISCONNECTED)
2024-12-18 13:25:21 Checking for update using obsidian.md
2024-12-18 13:25:21 Failed to check for update using obsidian.md (net::ERR_INTERNET_DISCONNECTED)
2024-12-18 18:59:54 Loading main app package /usr/lib/obsidian/obsidian.asar
2024-12-18 18:59:54 Checking for update using Github
2024-12-18 18:59:54 Success.
2024-12-18 18:59:54 Latest version is 1.7.7
2024-12-18 18:59:54 App is up to date.
2024-12-19 12:55:56 Loading main app package /usr/lib/obsidian/obsidian.asar
2024-12-19 12:55:56 Checking for update using Github
2024-12-19 12:55:56 Failed to check for update using Github (net::ERR_INTERNET_DISCONNECTED)
2024-12-19 12:55:56 Checking for update using obsidian.md
2024-12-19 12:55:56 Failed to check for update using obsidian.md (net::ERR_INTERNET_DISCONNECTED)
